2656 1502 1328 39 0 234 0
2656 1502 1328 39 0 234 0
2656 1502 1328 39 0 234 0
2656 1502 1328 39 0 234 0
2656 1502 1328 39 0 234 0
2656 1502 1328 39 0 234 0
2656 1502 1328 39 0 234 0
2656 1502 1328 39 0 234 0
2656 1502 1328 39 0 234 0
2656 1502 1328 39 0 234 0
2656 1502 1328 39 0 234 0
2656 1502 1328 39 0 234 0
2656 1502 1328 39 0 234 0
2656 1502 1328 39 0 234 0
2656 1502 1328 39 0 234 0
2656 1502 1328 39 0 234 0
2656 1502 1328 39 0 234 0
2656 1502 1328 39 0 234 0
2656 1502 1328 39 0 234 0
2656 1502 1328 39 0 234 0
