11542 (mosquitto) S 1 11542 11542 0 -1 4194560 463 0 0 0 6 5 0 0 20 0 1 0 386182070 10878976 1502 4294967295 1 1 0 0 0 0 18947 4096 18947 0 0 0 17 1 0 0 0 0 0 0 0 0 0 0 0 0 0
11542 (mosquitto) S 1 11542 11542 0 -1 4194560 464 0 0 0 6 8 0 0 20 0 1 0 386182070 10878976 1502 4294967295 1 1 0 0 0 0 18947 4096 18947 0 0 0 17 2 0 0 0 0 0 0 0 0 0 0 0 0 0
11542 (mosquitto) S 1 11542 11542 0 -1 4194560 464 0 0 0 7 11 0 0 20 0 1 0 386182070 10878976 1502 4294967295 1 1 0 0 0 0 18947 4096 18947 0 0 0 17 0 0 0 0 0 0 0 0 0 0 0 0 0 0
11542 (mosquitto) S 1 11542 11542 0 -1 4194560 464 0 0 0 8 13 0 0 20 0 1 0 386182070 10878976 1502 4294967295 1 1 0 0 0 0 18947 4096 18947 0 0 0 17 3 0 0 0 0 0 0 0 0 0 0 0 0 0
11542 (mosquitto) S 1 11542 11542 0 -1 4194560 464 0 0 0 10 15 0 0 20 0 1 0 386182070 10878976 1502 4294967295 1 1 0 0 0 0 18947 4096 18947 0 0 0 17 2 0 0 0 0 0 0 0 0 0 0 0 0 0
11542 (mosquitto) S 1 11542 11542 0 -1 4194560 464 0 0 0 13 15 0 0 20 0 1 0 386182070 10878976 1502 4294967295 1 1 0 0 0 0 18947 4096 18947 0 0 0 17 3 0 0 0 0 0 0 0 0 0 0 0 0 0
11542 (mosquitto) S 1 11542 11542 0 -1 4194560 464 0 0 0 16 17 0 0 20 0 1 0 386182070 10878976 1502 4294967295 1 1 0 0 0 0 18947 4096 18947 0 0 0 17 1 0 0 0 0 0 0 0 0 0 0 0 0 0
11542 (mosquitto) S 1 11542 11542 0 -1 4194560 464 0 0 0 18 18 0 0 20 0 1 0 386182070 10878976 1502 4294967295 1 1 0 0 0 0 18947 4096 18947 0 0 0 17 1 0 0 0 0 0 0 0 0 0 0 0 0 0
11542 (mosquitto) S 1 11542 11542 0 -1 4194560 464 0 0 0 20 18 0 0 20 0 1 0 386182070 10878976 1502 4294967295 1 1 0 0 0 0 18947 4096 18947 0 0 0 17 1 0 0 0 0 0 0 0 0 0 0 0 0 0
11542 (mosquitto) S 1 11542 11542 0 -1 4194560 464 0 0 0 22 20 0 0 20 0 1 0 386182070 10878976 1502 4294967295 1 1 0 0 0 0 18947 4096 18947 0 0 0 17 1 0 0 0 0 0 0 0 0 0 0 0 0 0
11542 (mosquitto) S 1 11542 11542 0 -1 4194560 464 0 0 0 23 22 0 0 20 0 1 0 386182070 10878976 1502 4294967295 1 1 0 0 0 0 18947 4096 18947 0 0 0 17 1 0 0 0 0 0 0 0 0 0 0 0 0 0
11542 (mosquitto) S 1 11542 11542 0 -1 4194560 464 0 0 0 25 25 0 0 20 0 1 0 386182070 10878976 1502 4294967295 1 1 0 0 0 0 18947 4096 18947 0 0 0 17 1 0 0 0 0 0 0 0 0 0 0 0 0 0
11542 (mosquitto) S 1 11542 11542 0 -1 4194560 464 0 0 0 28 25 0 0 20 0 1 0 386182070 10878976 1502 4294967295 1 1 0 0 0 0 18947 4096 18947 0 0 0 17 1 0 0 0 0 0 0 0 0 0 0 0 0 0
11542 (mosquitto) S 1 11542 11542 0 -1 4194560 464 0 0 0 31 26 0 0 20 0 1 0 386182070 10878976 1502 4294967295 1 1 0 0 0 0 18947 4096 18947 0 0 0 17 3 0 0 0 0 0 0 0 0 0 0 0 0 0
11542 (mosquitto) S 1 11542 11542 0 -1 4194560 464 0 0 0 32 28 0 0 20 0 1 0 386182070 10878976 1502 4294967295 1 1 0 0 0 0 18947 4096 18947 0 0 0 17 2 0 0 0 0 0 0 0 0 0 0 0 0 0
11542 (mosquitto) S 1 11542 11542 0 -1 4194560 464 0 0 0 32 31 0 0 20 0 1 0 386182070 10878976 1502 4294967295 1 1 0 0 0 0 18947 4096 18947 0 0 0 17 2 0 0 0 0 0 0 0 0 0 0 0 0 0
11542 (mosquitto) S 1 11542 11542 0 -1 4194560 464 0 0 0 35 32 0 0 20 0 1 0 386182070 10878976 1502 4294967295 1 1 0 0 0 0 18947 4096 18947 0 0 0 17 2 0 0 0 0 0 0 0 0 0 0 0 0 0
11542 (mosquitto) S 1 11542 11542 0 -1 4194560 464 0 0 0 37 33 0 0 20 0 1 0 386182070 10878976 1502 4294967295 1 1 0 0 0 0 18947 4096 18947 0 0 0 17 1 0 0 0 0 0 0 0 0 0 0 0 0 0
11542 (mosquitto) S 1 11542 11542 0 -1 4194560 464 0 0 0 38 36 0 0 20 0 1 0 386182070 10878976 1502 4294967295 1 1 0 0 0 0 18947 4096 18947 0 0 0 17 2 0 0 0 0 0 0 0 0 0 0 0 0 0
11542 (mosquitto) S 1 11542 11542 0 -1 4194560 464 0 0 0 39 37 0 0 20 0 1 0 386182070 10878976 1502 4294967295 1 1 0 0 0 0 18947 4096 18947 0 0 0 17 3 0 0 0 0 0 0 0 0 0 0 0 0 0
