5572 1035 852 753 0 2986 0
5572 1035 852 753 0 2986 0
5572 1035 852 753 0 2986 0
5572 1035 852 753 0 2986 0
5572 1035 852 753 0 2986 0
5572 1035 852 753 0 2986 0
5572 1035 852 753 0 2986 0
5572 1035 852 753 0 2986 0
5569 1050 867 753 0 2984 0
5569 1050 867 753 0 2984 0
5569 1050 867 753 0 2984 0
5569 1050 867 753 0 2984 0
5569 1050 867 753 0 2984 0
5569 1050 867 753 0 2984 0
5569 1050 867 753 0 2984 0
5569 1050 867 753 0 2984 0
5569 1050 867 753 0 2984 0
5569 1050 867 753 0 2984 0
5569 1050 867 753 0 2984 0
5569 1050 867 753 0 2984 0
5569 1050 867 753 0 2984 0
5569 1050 867 753 0 2984 0
5569 1050 867 753 0 2984 0
5569 1050 867 753 0 2984 0
5569 1050 867 753 0 2984 0
5569 1050 867 753 0 2984 0
5569 1050 867 753 0 2984 0
5569 1050 867 753 0 2984 0
5569 1050 867 753 0 2984 0
5569 1050 867 753 0 2984 0
5569 1050 867 753 0 2984 0
5569 1050 867 753 0 2984 0
5569 1050 867 753 0 2984 0
5569 1050 867 753 0 2984 0
5569 1050 867 753 0 2984 0
5569 1050 867 753 0 2984 0
5569 1050 867 753 0 2984 0
5569 1050 867 753 0 2984 0
5569 1050 867 753 0 2984 0
5569 1050 867 753 0 2984 0
5569 1050 867 753 0 2984 0
5569 1050 867 753 0 2984 0
5569 1050 867 753 0 2984 0
5569 1050 867 753 0 2984 0
5569 1050 867 753 0 2984 0
5569 1050 867 753 0 2984 0
5569 1050 867 753 0 2984 0
5569 1050 867 753 0 2984 0
5569 1050 867 753 0 2984 0
5569 1050 867 753 0 2984 0
5569 1050 867 753 0 2984 0
5569 1050 867 753 0 2984 0
5569 1050 867 753 0 2984 0
5569 1050 867 753 0 2984 0
5569 1050 867 753 0 2984 0
5569 1050 867 753 0 2984 0
5569 1050 867 753 0 2984 0
5569 1050 867 753 0 2984 0
5569 1050 867 753 0 2984 0
5569 1050 867 753 0 2984 0
5569 1050 867 753 0 2984 0
5569 1050 867 753 0 2984 0
5569 1050 867 753 0 2984 0
5569 1050 867 753 0 2984 0
5569 1050 867 753 0 2984 0
5569 1050 867 753 0 2984 0
5569 1050 867 753 0 2984 0
5569 1050 867 753 0 2984 0
5569 1050 867 753 0 2984 0
5569 1050 867 753 0 2984 0
5569 1050 867 753 0 2984 0
5569 1050 867 753 0 2984 0
5569 1050 867 753 0 2984 0
5569 1050 867 753 0 2984 0
5569 1050 867 753 0 2984 0
5569 1050 867 753 0 2984 0
5569 1050 867 753 0 2984 0
5569 1050 867 753 0 2984 0
5569 1050 867 753 0 2984 0
5569 1050 867 753 0 2984 0
5569 1050 867 753 0 2984 0
5569 1050 867 753 0 2984 0
5569 1050 867 753 0 2984 0
5569 1050 867 753 0 2984 0
5569 1050 867 753 0 2984 0
5569 1050 867 753 0 2984 0
5569 1050 867 753 0 2984 0
5569 1050 867 753 0 2984 0
5569 1050 867 753 0 2984 0
5569 1050 867 753 0 2984 0
5569 1050 867 753 0 2984 0
5569 1050 867 753 0 2984 0
5569 1050 867 753 0 2984 0
5569 1050 867 753 0 2984 0
5569 1050 867 753 0 2984 0
5569 1050 867 753 0 2984 0
5569 1050 867 753 0 2984 0
5569 1050 867 753 0 2984 0
5569 1050 867 753 0 2984 0
5569 1050 867 753 0 2984 0
5569 1050 867 753 0 2984 0
5569 1050 867 753 0 2984 0
5569 1050 867 753 0 2984 0
5569 1050 867 753 0 2984 0
5569 1050 867 753 0 2984 0
5569 1050 867 753 0 2984 0
5569 1050 867 753 0 2984 0
5569 1050 867 753 0 2984 0
5569 1050 867 753 0 2984 0
5569 1050 867 753 0 2984 0
5569 1050 867 753 0 2984 0
5569 1050 867 753 0 2984 0
5569 1050 867 753 0 2984 0
5569 1050 867 753 0 2984 0
5569 1050 867 753 0 2984 0
5569 1050 867 753 0 2984 0
