23967 (tedge_mapper) S 1 23967 23967 0 -1 1077936384 648 0 0 0 0 2 0 0 20 0 6 0 387125876 22822912 1035 4294967295 1 1 0 0 0 0 0 4096 66624 0 0 0 17 0 0 0 0 0 0 0 0 0 0 0 0 0 0
23967 (tedge_mapper) S 1 23967 23967 0 -1 1077936384 658 0 0 0 0 5 0 0 20 0 6 0 387125876 22822912 1035 4294967295 1 1 0 0 0 0 0 4096 66624 0 0 0 17 0 0 0 0 0 0 0 0 0 0 0 0 0 0
23967 (tedge_mapper) S 1 23967 23967 0 -1 1077936384 658 0 0 0 1 7 0 0 20 0 6 0 387125876 22822912 1035 4294967295 1 1 0 0 0 0 0 4096 66624 0 0 0 17 0 0 0 0 0 0 0 0 0 0 0 0 0 0
23967 (tedge_mapper) S 1 23967 23967 0 -1 1077936384 658 0 0 0 1 11 0 0 20 0 6 0 387125876 22822912 1035 4294967295 1 1 0 0 0 0 0 4096 66624 0 0 0 17 1 0 0 0 0 0 0 0 0 0 0 0 0 0
23967 (tedge_mapper) S 1 23967 23967 0 -1 1077936384 658 0 0 0 3 12 0 0 20 0 6 0 387125876 22822912 1035 4294967295 1 1 0 0 0 0 0 4096 66624 0 0 0 17 1 0 0 0 0 0 0 0 0 0 0 0 0 0
23967 (tedge_mapper) S 1 23967 23967 0 -1 1077936384 658 0 0 0 7 12 0 0 20 0 6 0 387125876 22822912 1035 4294967295 1 1 0 0 0 0 0 4096 66624 0 0 0 17 0 0 0 0 0 0 0 0 0 0 0 0 0 0
23967 (tedge_mapper) S 1 23967 23967 0 -1 1077936384 658 0 0 0 8 14 0 0 20 0 6 0 387125876 22822912 1035 4294967295 1 1 0 0 0 0 0 4096 66624 0 0 0 17 0 0 0 0 0 0 0 0 0 0 0 0 0 0
23967 (tedge_mapper) S 1 23967 23967 0 -1 1077936384 658 0 0 0 11 14 0 0 20 0 6 0 387125876 22822912 1035 4294967295 1 1 0 0 0 0 0 4096 66624 0 0 0 17 0 0 0 0 0 0 0 0 0 0 0 0 0 0
23967 (tedge_mapper) S 1 23967 23967 0 -1 1077936384 659 0 0 0 12 16 0 0 20 0 5 0 387125876 22810624 1050 4294967295 1 1 0 0 0 0 0 4096 66624 0 0 0 17 0 0 0 0 0 0 0 0 0 0 0 0 0 0
23967 (tedge_mapper) S 1 23967 23967 0 -1 1077936384 659 0 0 0 12 19 0 0 20 0 5 0 387125876 22810624 1050 4294967295 1 1 0 0 0 0 0 4096 66624 0 0 0 17 0 0 0 0 0 0 0 0 0 0 0 0 0 0
23967 (tedge_mapper) S 1 23967 23967 0 -1 1077936384 659 0 0 0 14 21 0 0 20 0 5 0 387125876 22810624 1050 4294967295 1 1 0 0 0 0 0 4096 66624 0 0 0 17 0 0 0 0 0 0 0 0 0 0 0 0 0 0
23967 (tedge_mapper) S 1 23967 23967 0 -1 1077936384 659 0 0 0 16 22 0 0 20 0 5 0 387125876 22810624 1050 4294967295 1 1 0 0 0 0 0 4096 66624 0 0 0 17 0 0 0 0 0 0 0 0 0 0 0 0 0 0
23967 (tedge_mapper) S 1 23967 23967 0 -1 1077936384 659 0 0 0 19 23 0 0 20 0 5 0 387125876 22810624 1050 4294967295 1 1 0 0 0 0 0 4096 66624 0 0 0 17 0 0 0 0 0 0 0 0 0 0 0 0 0 0
23967 (tedge_mapper) S 1 23967 23967 0 -1 1077936384 659 0 0 0 21 24 0 0 20 0 5 0 387125876 22810624 1050 4294967295 1 1 0 0 0 0 0 4096 66624 0 0 0 17 0 0 0 0 0 0 0 0 0 0 0 0 0 0
23967 (tedge_mapper) S 1 23967 23967 0 -1 1077936384 659 0 0 0 23 25 0 0 20 0 5 0 387125876 22810624 1050 4294967295 1 1 0 0 0 0 0 4096 66624 0 0 0 17 1 0 0 0 0 0 0 0 0 0 0 0 0 0
23967 (tedge_mapper) S 1 23967 23967 0 -1 1077936384 659 0 0 0 25 26 0 0 20 0 5 0 387125876 22810624 1050 4294967295 1 1 0 0 0 0 0 4096 66624 0 0 0 17 2 0 0 0 0 0 0 0 0 0 0 0 0 0
23967 (tedge_mapper) S 1 23967 23967 0 -1 1077936384 659 0 0 0 26 28 0 0 20 0 5 0 387125876 22810624 1050 4294967295 1 1 0 0 0 0 0 4096 66624 0 0 0 17 2 0 0 0 0 0 0 0 0 0 0 0 0 0
23967 (tedge_mapper) S 1 23967 23967 0 -1 1077936384 659 0 0 0 28 29 0 0 20 0 5 0 387125876 22810624 1050 4294967295 1 1 0 0 0 0 0 4096 66624 0 0 0 17 0 0 0 0 0 0 0 0 0 0 0 0 0 0
23967 (tedge_mapper) S 1 23967 23967 0 -1 1077936384 659 0 0 0 30 31 0 0 20 0 5 0 387125876 22810624 1050 4294967295 1 1 0 0 0 0 0 4096 66624 0 0 0 17 0 0 0 0 0 0 0 0 0 0 0 0 0 0
23967 (tedge_mapper) S 1 23967 23967 0 -1 1077936384 659 0 0 0 31 33 0 0 20 0 5 0 387125876 22810624 1050 4294967295 1 1 0 0 0 0 0 4096 66624 0 0 0 17 3 0 0 0 0 0 0 0 0 0 0 0 0 0
